<?xml version="1.0" encoding="UTF-8"?>
<!-- Generated by org.testng.reporters.JUnitReportReporter -->
<testsuite skipped="0" hostname="DESKTOP-NBIRALS" name="academy.cgi.LoginPageTest" tests="1" failures="0" timestamp="07 Jul 2019 05:25:06 GMT" time="3.319" errors="0">
  <testcase name="loginTest" time="3.319" classname="academy.cgi.LoginPageTest"/>
</testsuite> <!-- academy.cgi.LoginPageTest -->
