<?xml version="1.0" encoding="UTF-8"?>
<!-- Generated by org.testng.reporters.JUnitReportReporter -->
<testsuite skipped="0" hostname="DESKTOP-NBIRALS" name="academy.cgi.BasicTest" tests="1" failures="0" timestamp="06 Jul 2019 09:57:09 GMT" time="16.589" errors="0">
  <testcase name="test" time="16.589" classname="academy.cgi.BasicTest"/>
</testsuite> <!-- academy.cgi.BasicTest -->
