<?xml version="1.0" encoding="UTF-8"?>
<!-- Generated by org.testng.reporters.JUnitReportReporter -->
<testsuite skipped="0" hostname="DESKTOP-NBIRALS" name="academy.cgi.LoginPageTestWithMulInput" tests="2" failures="0" timestamp="07 Jul 2019 05:25:05 GMT" time="13.254" errors="0">
  <testcase name="loginTest" time="6.168" classname="academy.cgi.LoginPageTestWithMulInput"/>
  <testcase name="loginTest" time="7.086" classname="academy.cgi.LoginPageTestWithMulInput"/>
</testsuite> <!-- academy.cgi.LoginPageTestWithMulInput -->
