<?xml version="1.0" encoding="UTF-8"?>
<!-- Generated by org.testng.reporters.JUnitReportReporter -->
<testsuite skipped="0" hostname="DESKTOP-NBIRALS" name="academy.cgi.PracticePageTest" tests="1" failures="0" timestamp="06 Jul 2019 11:35:41 GMT" time="30.429" errors="0">
  <testcase name="test" time="30.429" classname="academy.cgi.PracticePageTest"/>
</testsuite> <!-- academy.cgi.PracticePageTest -->
