<?xml version="1.0" encoding="UTF-8"?>
<!-- Generated by org.testng.reporters.JUnitReportReporter -->
<testsuite skipped="0" hostname="DESKTOP-NBIRALS" name="tests.LoginPageTestWithMulInputTest" tests="2" failures="0" timestamp="08 Jul 2019 02:55:37 GMT" time="18.509" errors="0">
  <testcase name="loginTest" time="8.837" classname="tests.LoginPageTestWithMulInputTest"/>
  <testcase name="loginTest" time="9.672" classname="tests.LoginPageTestWithMulInputTest"/>
</testsuite> <!-- tests.LoginPageTestWithMulInputTest -->
