<?xml version="1.0" encoding="UTF-8"?>
<!-- Generated by org.testng.reporters.JUnitReportReporter -->
<testsuite skipped="0" hostname="DESKTOP-NBIRALS" name="tests.LoginPageTest" tests="1" failures="0" timestamp="08 Jul 2019 02:55:37 GMT" time="13.204" errors="0">
  <testcase name="loginTest" time="13.204" classname="tests.LoginPageTest"/>
</testsuite> <!-- tests.LoginPageTest -->
